

*******************************************************************************
Sun Aug 25 01:31:46 2019


FIT:    data read from "fort.21" u 1:2:3:4 xyerrors
        format = x:z:sx:s
BREAK: No data to fit

*******************************************************************************
Sun Aug 25 01:32:16 2019


FIT:    data read from "fort.21" xyerrors
        format = z:s

Current data point
=========================
#               = 1 out of 399
x               = 1100           
z               = 1.37741e-07    
s               = 0              

BREAK: Zero error value in data file

*******************************************************************************
Sun Aug 25 01:33:18 2019


FIT:    data read from "fort.21"
        format = z
        #datapoints = 399
        residuals are weighted equally (unit weight)

function used for fitting: f(x)
	f(x)=a*x**2+b
fitted parameters initialized with current variable values

iter      chisq       delta/lim  lambda   a             b            
   0 2.3030181679e+20   0.00e+00  5.37e+08    1.000000e+00   1.000000e+00
   4 1.7150719473e+02  -1.19e-04  5.37e+04   -9.938827e-10   1.000000e+00

After 4 iterations the fit converged.
final sum of squares of residuals : 171.507
rel. change during last iteration : -1.19374e-09

degrees of freedom    (FIT_NDF)                        : 397
rms of residuals      (FIT_STDFIT) = sqrt(WSSR/ndf)    : 0.657273
variance of residuals (reduced chisquare) = WSSR/ndf   : 0.432008

Final set of parameters            Asymptotic Standard Error
=======================            ==========================
a               = -9.93883e-10     +/- 6.606e-11    (6.647%)
b               = 1                +/- 0.05019      (5.019%)

correlation matrix of the fit parameters:
                a      b      
a               1.000 
b              -0.755  1.000 
